c:\dev\rayengine\rayengine\x64\release\vc143.pdb
c:\dev\rayengine\rayengine\x64\release\gl.obj
c:\dev\rayengine\rayengine\x64\release\window.obj
c:\dev\rayengine\rayengine\x64\release\vertexbuffer.obj
c:\dev\rayengine\rayengine\x64\release\vertexarray.obj
c:\dev\rayengine\rayengine\x64\release\shader.obj
c:\dev\rayengine\rayengine\x64\release\renderer.obj
c:\dev\rayengine\rayengine\x64\release\indexbuffer.obj
c:\dev\rayengine\rayengine\x64\release\gui.obj
c:\dev\rayengine\rayengine\x64\release\clock.obj
c:\dev\rayengine\rayengine\x64\release\camera.obj
c:\dev\rayengine\rayengine\x64\release\application.obj
c:\dev\rayengine\rayengine\x64\release\imgui_widgets.obj
c:\dev\rayengine\rayengine\x64\release\imgui_tables.obj
c:\dev\rayengine\rayengine\x64\release\imgui_impl_opengl3.obj
c:\dev\rayengine\rayengine\x64\release\imgui_impl_glfw.obj
c:\dev\rayengine\rayengine\x64\release\imgui_draw.obj
c:\dev\rayengine\rayengine\x64\release\imgui_demo.obj
c:\dev\rayengine\rayengine\x64\release\imgui.obj
c:\dev\rayengine\rayengine\x64\release\glm.obj
c:\dev\rayengine\rayengine\x64\release\rayengine.exe
c:\dev\rayengine\rayengine\x64\release\rayengine.pdb
c:\dev\rayengine\rayengine\x64\release\rayengine.ipdb
c:\dev\rayengine\rayengine\x64\release\rayengine.iobj
c:\dev\rayengine\rayengine\x64\release\rayengine.tlog\cl.command.1.tlog
c:\dev\rayengine\rayengine\x64\release\rayengine.tlog\cl.items.tlog
c:\dev\rayengine\rayengine\x64\release\rayengine.tlog\cl.read.1.tlog
c:\dev\rayengine\rayengine\x64\release\rayengine.tlog\cl.write.1.tlog
c:\dev\rayengine\rayengine\x64\release\rayengine.tlog\link.command.1.tlog
c:\dev\rayengine\rayengine\x64\release\rayengine.tlog\link.read.1.tlog
c:\dev\rayengine\rayengine\x64\release\rayengine.tlog\link.write.1.tlog
c:\dev\rayengine\rayengine\x64\release\rayengine.tlog\link.write.2u.tlog
