c:\dev\rayengine\rayengine\x64\debug\vc143.pdb
c:\dev\rayengine\rayengine\x64\debug\vc143.idb
c:\dev\rayengine\rayengine\x64\debug\gl.obj
c:\dev\rayengine\rayengine\x64\debug\window.obj
c:\dev\rayengine\rayengine\x64\debug\vertexbuffer.obj
c:\dev\rayengine\rayengine\x64\debug\vertexarray.obj
c:\dev\rayengine\rayengine\x64\debug\shader.obj
c:\dev\rayengine\rayengine\x64\debug\renderer.obj
c:\dev\rayengine\rayengine\x64\debug\indexbuffer.obj
c:\dev\rayengine\rayengine\x64\debug\gui.obj
c:\dev\rayengine\rayengine\x64\debug\clock.obj
c:\dev\rayengine\rayengine\x64\debug\camera.obj
c:\dev\rayengine\rayengine\x64\debug\application.obj
c:\dev\rayengine\rayengine\x64\debug\imgui_widgets.obj
c:\dev\rayengine\rayengine\x64\debug\imgui_tables.obj
c:\dev\rayengine\rayengine\x64\debug\imgui_impl_opengl3.obj
c:\dev\rayengine\rayengine\x64\debug\imgui_impl_glfw.obj
c:\dev\rayengine\rayengine\x64\debug\imgui_draw.obj
c:\dev\rayengine\rayengine\x64\debug\imgui_demo.obj
c:\dev\rayengine\rayengine\x64\debug\imgui.obj
c:\dev\rayengine\rayengine\x64\debug\glm.obj
c:\dev\rayengine\rayengine\x64\debug\rayengine.ilk
c:\dev\rayengine\rayengine\x64\debug\rayengine.exe
c:\dev\rayengine\rayengine\x64\debug\rayengine.pdb
c:\dev\rayengine\rayengine\x64\debug\rayengine.tlog\cl.command.1.tlog
c:\dev\rayengine\rayengine\x64\debug\rayengine.tlog\cl.items.tlog
c:\dev\rayengine\rayengine\x64\debug\rayengine.tlog\cl.read.1.tlog
c:\dev\rayengine\rayengine\x64\debug\rayengine.tlog\cl.write.1.tlog
c:\dev\rayengine\rayengine\x64\debug\rayengine.tlog\link.command.1.tlog
c:\dev\rayengine\rayengine\x64\debug\rayengine.tlog\link.read.1.tlog
c:\dev\rayengine\rayengine\x64\debug\rayengine.tlog\link.write.1.tlog
